openCVTutorial3CameraControl/build/intermediates/manifest_merge_blame_file/debug/manifest-merger-blame-debug-report.txt
1<?xml version="1.0" encoding="utf-8"?>
2<manifest xmlns:android="http://schemas.android.com/apk/res/android"
3    package="org.opencv.samples.tutorial3"
4    android:versionCode="301"
5    android:versionName="3.01" >
6
7    <uses-sdk
8        android:minSdkVersion="23"
8-->src\main\AndroidManifest.xml
9        android:targetSdkVersion="30" />
9-->src\main\AndroidManifest.xml
10
11    <supports-screens
11-->src\main\AndroidManifest.xml:23:5-27:51
12        android:anyDensity="true"
12-->src\main\AndroidManifest.xml:27:23-48
13        android:largeScreens="true"
13-->src\main\AndroidManifest.xml:26:23-50
14        android:normalScreens="true"
14-->src\main\AndroidManifest.xml:25:23-51
15        android:resizeable="true"
15-->src\main\AndroidManifest.xml:23:23-48
16        android:smallScreens="true" />
16-->src\main\AndroidManifest.xml:24:23-50
17
18    <uses-permission android:name="android.permission.CAMERA" />
18-->src\main\AndroidManifest.xml:30:5-64
18-->src\main\AndroidManifest.xml:30:22-62
19
20    <uses-feature
20-->src\main\AndroidManifest.xml:32:5-84
21        android:name="android.hardware.camera"
21-->src\main\AndroidManifest.xml:32:19-57
22        android:required="false" />
22-->src\main\AndroidManifest.xml:32:58-82
23    <uses-feature
23-->src\main\AndroidManifest.xml:33:5-94
24        android:name="android.hardware.camera.autofocus"
24-->src\main\AndroidManifest.xml:33:19-67
25        android:required="false" />
25-->src\main\AndroidManifest.xml:33:68-92
26    <uses-feature
26-->src\main\AndroidManifest.xml:34:5-90
27        android:name="android.hardware.camera.front"
27-->src\main\AndroidManifest.xml:34:19-63
28        android:required="false" />
28-->src\main\AndroidManifest.xml:34:64-88
29    <uses-feature
29-->src\main\AndroidManifest.xml:35:5-100
30        android:name="android.hardware.camera.front.autofocus"
30-->src\main\AndroidManifest.xml:35:19-73
31        android:required="false" />
31-->src\main\AndroidManifest.xml:35:74-98
32
33    <uses-permission android:name="android.permission.WRITE_EXTERNAL_STORAGE" />
33-->src\main\AndroidManifest.xml:36:5-81
33-->src\main\AndroidManifest.xml:36:22-78
34
35    <application
35-->src\main\AndroidManifest.xml:7:5-21:19
36        android:debuggable="true"
37        android:extractNativeLibs="false"
38        android:icon="@drawable/icon"
38-->src\main\AndroidManifest.xml:9:9-38
39        android:label="@string/app_name"
39-->src\main\AndroidManifest.xml:8:9-41
40        android:testOnly="true"
41        android:theme="@android:style/Theme.NoTitleBar.Fullscreen" >
41-->src\main\AndroidManifest.xml:10:9-67
42        <activity
42-->src\main\AndroidManifest.xml:12:9-20:20
43            android:name="org.opencv.samples.tutorial3.Tutorial3Activity"
43-->src\main\AndroidManifest.xml:12:19-51
44            android:configChanges="keyboardHidden|orientation"
44-->src\main\AndroidManifest.xml:15:19-69
45            android:label="@string/app_name"
45-->src\main\AndroidManifest.xml:13:19-51
46            android:screenOrientation="landscape" >
46-->src\main\AndroidManifest.xml:14:19-56
47            <intent-filter>
47-->src\main\AndroidManifest.xml:16:13-19:29
48                <action android:name="android.intent.action.MAIN" />
48-->src\main\AndroidManifest.xml:17:17-69
48-->src\main\AndroidManifest.xml:17:25-66
49
50                <category android:name="android.intent.category.LAUNCHER" />
50-->src\main\AndroidManifest.xml:18:17-77
50-->src\main\AndroidManifest.xml:18:27-74
51            </intent-filter>
52        </activity>
53    </application>
54
55</manifest>